[treegit] background run started 2026-03-23 19:41:07 -0400
step: 1
selected: root
mcts/000001 status=ready commit=b8ed49d74f0f7a9bec4919ee3e0d8bf101bb1f6fd38112c944354108550642ca utility=-2365516.581000 reason=
mcts/000002 status=ready commit=8c6a7bb16f743118e3bb1d98ad4ba65f68c4fb5439963104e094d40fb4a965a7 utility=-2303093.136000 reason=
mcts/000003 status=ready commit=82694b0b9bcb2dc706d512cf10ebe29a99233a84e3370a76a7a5d813939fbae5 utility=-2373206.697000 reason=
mcts/000004 status=ready commit=ecbaff39c123cadc9b1ab272cddd96daa9a548097ab0952a028d39970fe00ff0 utility=-2353624.656000 reason=
mcts/000005 status=ready commit=fe59567a42be22f98d0f37548870b631b291dad985ecc973afaf7e06a60cd994 utility=-2363902.367000 reason=
frontier_count: 5
best_branch: mcts/000002
step: 2
selected: mcts/000002
mcts/000006 status=ready commit=4808f968db95d37324188a82bc603a1062c73672ba7f63f27fe8aebbbf2c5811 utility=-2509515.883000 reason=
mcts/000007 status=ready commit=9237d32054ba3b083bb8ca833c941e5e9fef6bf6660ddf91004c015527ddaa0d utility=-2330731.413000 reason=
mcts/000008 status=ready commit=595638c24a99d421c75458c10da2cbf58813ba19beb239f60ba7ca23a6ae6376 utility=-10000000000000.000000 reason=
mcts/000009 status=ready commit=c154a428d0ed35ad3b7ff095bb605af03a64c988f4a00b0df3cad8a73e1ea9e3 utility=-2301127.353000 reason=
mcts/000010 status=ready commit=cffe9d6a524228cff0dabce83c6e5df1d67b8ca0b826ad309f7d68e9959a224d utility=-2151671.450000 reason=
frontier_count: 9
best_branch: mcts/000010
step: 3
selected: mcts/000010
mcts/000011 status=ready commit=1a00c215f052a987ef31a6f58c2f1a1f7d86ddf41305b03fe90829d11227816c utility=-2152949.096000 reason=
mcts/000012 status=ready commit=274d9de570bbba7db90c898ec32a9421d37038eabb78aa333e38b117d310ca06 utility=-2167737.959000 reason=
mcts/000013 status=ready commit=030131ea0dcdf82d682d219ae515979072c2ca95480d2ebdd3060496cbe839ef utility=-2147312.205000 reason=
mcts/000014 status=ready commit=35b0105bc40aa0494a7d2fcbc0d79ec1b8df564610a80cf26faa277eb2bd538e utility=-10000000000000.000000 reason=
mcts/000015 status=ready commit=00ae6a0a57720e5bc040f4ea65643eb9188012fbc1b8058ee1d52e1f622bd1b6 utility=-2148490.395000 reason=
frontier_count: 13
best_branch: mcts/000013
step: 4
selected: mcts/000013
mcts/000016 status=ready commit=89f05e78ab8ffa8346ebf7521796f1b6057916d537d0ceec4d5e63d16ba4b9ee utility=-2156947.580000 reason=
mcts/000017 status=ready commit=b5b9f4937a03346e8ceb8f8edff704e2a2dbd140f6fd8e98f96317f97ba934c5 utility=-2145639.621000 reason=
mcts/000018 status=ready commit=837c81b7539927d04fec96096b69a598985e1c8f6d94197e287c19f2cb70cb7f utility=-2182368.161000 reason=
mcts/000019 status=ready commit=280d5bb81d48302c48d9bcd5486d31bfa00f9637cc19452f17e567817699710e utility=-2139873.290000 reason=
mcts/000020 status=ready commit=46b73246ebbe7dfc8871e5de938710a272ce8afb10f57e5aad04dd941554eebe utility=-2138195.881000 reason=
frontier_count: 17
best_branch: mcts/000020
step: 5
selected: mcts/000020
mcts/000021 status=ready commit=8ad8037f72b7913f0fc6ab8b3a73a8aafc25dad35a3f5db35c194cbc94917d53 utility=-4942043.290000 reason=
mcts/000022 status=ready commit=364fbd90e7d43501a1a4fa53d9123989afc12b3d1aaec30f514b7b811782e8b1 utility=-2153888.336000 reason=
mcts/000023 status=ready commit=ed2f2f67f5069b5551646062fefa11e34afe3187c30796a000799af3722f4d7f utility=-2147290.646000 reason=
mcts/000024 status=ready commit=91c610df55c7079261f322abb86795658ba78d60d20a05056da3388d04674188 utility=-2085685.613000 reason=
mcts/000025 status=ready commit=f4057a11d9a061b5af01e92bbaadc5a82bb758d1b342057c75fbf28eab9ff75f utility=-2143433.091000 reason=
frontier_count: 21
best_branch: mcts/000024
step: 6
selected: mcts/000024
mcts/000026 status=ready commit=9aab3a68f46353ea76f752876590c3730109c9974680f6a2c1e3f3033db15d69 utility=-2086372.809000 reason=
mcts/000027 status=ready commit=c1a672a20d070090fc54ff6180dedc1635d0e2c9f013415400a1a329ef51376f utility=-2082286.028000 reason=
mcts/000028 status=ready commit=ce2170839b18c6b50c6fcba899e0ef8d08aaf300e5c1a8f6b1ad01340e5c499e utility=-2066741.579000 reason=
mcts/000029 status=ready commit=ffd894e94642d321a833c4830d38d244a69fffd01555f13d7288802625caf51c utility=-2084913.838000 reason=
mcts/000030 status=ready commit=9cfd15d35a7dfe537191ebd1c399d4d046f04f9f0c171c07b6ba401c60bc60a3 utility=-2084535.742000 reason=
frontier_count: 25
best_branch: mcts/000028
step: 7
selected: mcts/000028
mcts/000031 status=ready commit=0387a25fba7d00a581525359267a8491e70971852cc3cd4fddcc279088d6414d utility=-2066677.072000 reason=
mcts/000032 status=ready commit=d8777f64926c9ce8699dc8d9552a4b0d5b6806270e4e634023a30466ff49e3e8 utility=-2059777.757000 reason=
mcts/000033 status=ready commit=6956f761f5b82f181fc5b7462721a98f271609a80dc559139207bdc02eca254c utility=-2107927.149000 reason=
mcts/000034 status=ready commit=d137d0df11afb3143fac46d4cfb631c910f1b04031ce7c91bb625de1ec930660 utility=-2096060.154000 reason=
mcts/000035 status=ready commit=798b707290fd77080452648c2fc8e9b823c7890d2a76737b60825b8c9e7a25ab utility=-2065703.654000 reason=
frontier_count: 29
best_branch: mcts/000032
step: 8
selected: mcts/000032
mcts/000036 status=ready commit=fb3a3e0e6ee5006b92895a6cb141e030cbb3229482ee99bc02e221f62c025219 utility=-2027265.690000 reason=
mcts/000037 status=ready commit=d973a23ed53a4b3221fa51642308737440fa3a8d24d1dc6d77bd51ab594721aa utility=-2058076.151000 reason=
mcts/000038 status=ready commit=ae4f2f80761ee1d96876d52f681b6b6d8708412707f4f1a906b203512f901b20 utility=-2053583.784000 reason=
mcts/000039 status=ready commit=fc6388fbf917f0ff59c1627a73e3316aa34f7455f33f636719a0211ee8c06def utility=-2070824.116000 reason=
mcts/000040 status=ready commit=747a82a5b42df965b3d6a53fbcd7630e47f220a723890beb0001a4707ce468c2 utility=-2063631.753000 reason=
frontier_count: 33
best_branch: mcts/000036
step: 9
selected: mcts/000036
mcts/000041 status=ready commit=5927ea0f36c331131abeaf59ae40943a0692014ba66c540901e3c9dd966b4f77 utility=-2036274.300000 reason=
mcts/000042 status=ready commit=bfbc3212f5bfe0a38cc62aac8817c72d83f9d57fe4608a5def50a70d4c85e289 utility=-2060737.921000 reason=
mcts/000043 status=ready commit=3b5212f0d5d5dee77a633cf4d6ec96a7d5651423f06f5a0d71c4745cf13fd2fb utility=-2028725.529000 reason=
mcts/000044 status=ready commit=48d6d3c5aeb1e8a8f3a6d9a1c83c4ec83afb8865e231055271e8406ccb945532 utility=-2029768.079000 reason=
mcts/000045 status=ready commit=6d08e561a0897202fca6b61c03850bb5f50446225b3e044514e4694a4d2e6e30 utility=-2051203.850000 reason=
frontier_count: 37
best_branch: mcts/000036
step: 10
selected: mcts/000043
mcts/000046 status=ready commit=64ef3be849d26088247a114c5a5d89ebf2595bf58f1e277d1cef08336ae6e28e utility=-2028368.526000 reason=
mcts/000047 status=ready commit=21cb9b6e6f3f78950d9cc79230704f0beef2723fe90680bb5ea1cf3ed84157e4 utility=-2029544.316000 reason=
mcts/000048 status=ready commit=0146eba2c33ed1ae23f7ba123cda5561e27e28ec4f444daabeff374a11432c13 utility=-2027262.514000 reason=
mcts/000049 status=ready commit=53f7135fafec03615ac6f7d4f85e697a6548de9c884032b2a15e9225496ebea9 utility=-2028303.189000 reason=
mcts/000050 status=ready commit=98a1bace7c6ce847fa5bea14111b4ebc69bb6e54e15ce2e534bc914e450c1585 utility=-2017578.416000 reason=
frontier_count: 41
best_branch: mcts/000050
steps_executed: 10
last_selected: mcts/000043
best_branch: mcts/000050
[treegit] background run started 2026-03-23 22:38:26 -0400
step: 1
selected: mcts/000050
mcts/000051 status=ready commit=d1637a0d054f67bcab7ba427436a4e73572736e31972ba81d5e71cfd40cf1b85 utility=-2017105.980000 reason=
mcts/000052 status=ready commit=008d4c828a8683808eb2aaa9ceb2c388a333ff0c7a1cc7d716a5414c539ad941 utility=-2019999.342000 reason=
mcts/000053 status=ready commit=4c0ffead3aca615522287a879743a9411bd8435f41876b26c770b5d7ed46dc1e utility=-2024119.523000 reason=
mcts/000054 status=ready commit=5ed669824081374056ecac6a1603f6bdb261eef77a01ac228ee7576af7047245 utility=-2018742.323000 reason=
mcts/000055 status=ready commit=c4060f22cb8d2a8afb7257e35215379c174e3633e7748ccad702d18872f88701 utility=-2018404.593000 reason=
frontier_count: 45
best_branch: mcts/000051
step: 2
selected: mcts/000051
mcts/000056 status=ready commit=1b56832cf8c7fb0389970554a22536cdf8244bc1e25301ebdb6326ab9f3a8475 utility=-2018093.821000 reason=
mcts/000057 status=ready commit=5c9e45e3c5c0340c8be07ceb729b5e17ea324e5d465fbe8f7e5299b82fb6880a utility=-2033756.323000 reason=
mcts/000058 status=ready commit=3e0a8c15de71ab3942168430aacbf2cbef3b4f4bc7f00fd803f67dca8053b8ad utility=-2017776.507000 reason=
mcts/000059 status=ready commit=20562abcc84fb2bebd0be63d4088fa329f2cea6b8dccee80d7029649c4224968 utility=-2017472.666000 reason=
mcts/000060 status=ready commit=f539190c2ea093fc59f1c808f0a9e92a907be7e3532253d2c79b5b32e3ff76a3 utility=-2018391.135000 reason=
frontier_count: 49
best_branch: mcts/000051
step: 3
selected: mcts/000059
mcts/000061 status=ready commit=6b8aa2e04681d26f4714d09e3207a7201093b205f473ff57ba2a85008898cf40 utility=-2027061.885000 reason=
mcts/000062 status=ready commit=1bb3684c2e625557272d8699e45d3c12416f0fd9dacd3548e52a22e89c294014 utility=-2018255.956000 reason=
mcts/000063 status=ready commit=a7d7fce3617b2eab75d6e1080bd2582ac474e86e8b92577b43e6c837b60de91c utility=-2018607.358000 reason=
mcts/000064 status=ready commit=441f76fbb54e9a9b0567970d3fd983df7601feb90a0f286e361f6426cbe6beee utility=-2019152.003000 reason=
mcts/000065 status=ready commit=ed1fad7d049f747043eb0f228adcddc5f73ccc6ee48c349309b1279f7301ac4d utility=-2020655.059000 reason=
frontier_count: 53
best_branch: mcts/000051
step: 4
selected: mcts/000058
mcts/000066 status=ready commit=f5b1bcddb5f509c117211a90eecb173b564486514cf2e0b783ee75694c9f4959 utility=-2064460.412000 reason=
mcts/000067 status=ready commit=ef49bde5e75f9650a5dada97d64e415d6b7061738e6100cf0c12bac31b774e2c utility=-10000000000000.000000 reason=
mcts/000068 status=ready commit=da0577380851c2df4f3954b1872de7a1cc2e6cbaeb687a399c19beb7c1122e4c utility=-2031259.126000 reason=
mcts/000069 status=ready commit=1bcb4e5a33b55bd5bfd92c354aba5df839f13803ebaef757c646f014cf641710 utility=-2021893.522000 reason=
mcts/000070 status=ready commit=e785f4d8882befa1cc8abe4141e2d69f0e370e7fd9dc696a8d46bb549916946c utility=-2017022.473000 reason=
frontier_count: 57
best_branch: mcts/000070
step: 5
selected: mcts/000070
mcts/000071 status=ready commit=d0bdc1dabb906143b713a17afaa817f0b50505f1e1444944da923e92c1a634f9 utility=-2020368.244000 reason=
mcts/000072 status=ready commit=99f41386f8b1d36b364b31164b3e5a79ceb67513c2ed3303896b01308ef800dc utility=-2018488.104000 reason=
mcts/000073 status=ready commit=b629e8374826e82a0ed2e424c4e729f18fea14277fa7239c85332de0e92ba901 utility=-2031766.473000 reason=
mcts/000074 status=ready commit=21b8e0dc31db33b7685177858f7fbde438ab474d976e94b6ba23669e394386a2 utility=-2017286.036000 reason=
mcts/000075 status=ready commit=0b1219bb9591072070d84e9fc4616c0edff560c17fa0c9a278a5c9e3bfca0bd1 utility=-2018152.533000 reason=
frontier_count: 61
best_branch: mcts/000070
step: 6
selected: mcts/000074
mcts/000076 status=ready commit=fc35f608d8fa809199bbf85e5f7dbc065f30545680303bf892409f1be89123ba utility=-2018211.625000 reason=
mcts/000077 status=ready commit=9f1755aa4935a503f492d08f746dcb7de84b689cc424e6d6918e332c171df640 utility=-2019322.208000 reason=
mcts/000078 status=ready commit=b319fc5e8739e6e163353a633e23eb406d1792cf728258f055a76bcdfd49bdf2 utility=-2020378.356000 reason=
mcts/000079 status=ready commit=59235e3566c1de7d6cba393b1868db30ddd0fefbd7a9350cb43e4c3631d6872a utility=-2016749.020000 reason=
mcts/000080 status=ready commit=26e8a2d0e290bb1145cf231ba926ca64ff08965e779a57647246968ad0f006ea utility=-2037738.571000 reason=
frontier_count: 65
best_branch: mcts/000079
step: 7
selected: mcts/000079
mcts/000081 status=ready commit=a1ce5f72034cc117414d7a02f7dd32d4b40deda56d159431b4d9695d95243386 utility=-2031514.962000 reason=
mcts/000082 status=ready commit=7eb2e4310a102f395dc0c8351de19676d46d0c80b7387b70fd7a03b6909973f3 utility=-2035113.286000 reason=
mcts/000083 status=ready commit=4e0cab2a15b93a5c3b584f79cc5e59d87f66d6539e4211da39d3b94382ab8d90 utility=-2019805.901000 reason=
mcts/000084 status=ready commit=705cc2574f0573b0ed408e5690846c646a6598ffb9bf675b5de9daf90ac1ef3b utility=-10000000000000.000000 reason=
mcts/000085 status=ready commit=da8a935f116bbeee4c345c893a025da1cabbe06a613fedc8952c96426b075706 utility=-2018445.341000 reason=
frontier_count: 69
best_branch: mcts/000079
step: 8
selected: mcts/000056
mcts/000086 status=ready commit=224aaa353fc5bd3404b69e751c2d68b308965733745946db740b16c740b54578 utility=-2020721.735000 reason=
mcts/000087 status=ready commit=ee68317ca5af919706b5af5434d16e94cbb79e730cf2561c299641123376e041 utility=-2034453.519000 reason=
mcts/000088 status=ready commit=e044dcc9f171830478cf570aa8e3a77ec7103fe19fe30e96991780babe2ef56a utility=-2018725.198000 reason=
mcts/000089 status=ready commit=016b33843406bb95a6b49e127e98148f06428510ee0742268964c6a0ae335eb2 utility=-2022838.030000 reason=
mcts/000090 status=ready commit=3a2e99917153c0ae26e9353b790d95718fab7689855f52d2c07cbab7d0896737 utility=-2019446.467000 reason=
frontier_count: 73
best_branch: mcts/000079
step: 9
selected: mcts/000075
mcts/000091 status=ready commit=fcd5435d5f28450fa195bfd51fab43cd70b678d358b48862fe70d43a64b1bf73 utility=-2032796.739000 reason=
mcts/000092 status=ready commit=702af6c1ab35df32589381113adbefab16d970805cf871e1fe8cb88fc4a524e2 utility=-2018468.460000 reason=
mcts/000093 status=ready commit=df588a7acd68c0b774b4ee3d635ba9290b0ead607f07cb2426b36fbbade7f2f8 utility=-2033905.343000 reason=
mcts/000094 status=ready commit=a945f60971f4722a67ff2ca0106c4dd367e56ae3f2fd37d35cf820b948fe6f83 utility=-2047446.945000 reason=
mcts/000095 status=ready commit=146a7cad0caa77159a94803de2e6ea14052ba427af0c94a8be8c5ab2a51d406e utility=-2203907.597000 reason=
frontier_count: 77
best_branch: mcts/000079
step: 10
selected: mcts/000076
mcts/000096 status=ready commit=2921826796cd4671bb7f0778225972e699e62519449e34d615fd218a0134c1a7 utility=-2034143.759000 reason=
mcts/000097 status=ready commit=431fead9a949dc24ca9728eeb7bd6f5c9b6e7a300423f91b7fa8a9912f6fa0f9 utility=-2017276.053000 reason=
mcts/000098 status=ready commit=5fad9b6a43344652e9ccf7f8e907fe3d435929d06e66b36e0bb07765d16f5776 utility=-10000000000000.000000 reason=
mcts/000099 status=ready commit=71990c03538c53764c21b04701ce614a6346e5120de642f47912af0f33bab681 utility=-2017969.684000 reason=
mcts/000100 status=ready commit=0d22bd53d20516e1b6ba7b57e6ce5113d217cab6798a91fb693996c599aeaded utility=-2023617.354000 reason=
frontier_count: 81
best_branch: mcts/000079
step: 11
selected: mcts/000097
mcts/000101 status=ready commit=83cfbe515a0d90a5799cce7ae8ea54e51f97f8c1c01db009813b99522f1a4d54 utility=-2018834.344000 reason=
mcts/000102 status=ready commit=2b1252a4a0ede07eda927a04c2e843f45b3671cd44f356da6377fb70aa897be1 utility=-2032277.528000 reason=
mcts/000103 status=ready commit=c1a3a73b0c0d826a326d775fb1fd490236544fd2eb89954710ea14cae4ae31b0 utility=-2013420.056000 reason=
mcts/000104 status=ready commit=38e25b384b9ca418c02b74f6f958a11df86478602288f8ad6ea953a683352029 utility=-2017467.370000 reason=
mcts/000105 status=ready commit=0ff7769269047552515a7b92ef3319d0e8e3b84423bcee69a5c169bef87fdda3 utility=-2018935.016000 reason=
frontier_count: 85
best_branch: mcts/000103
step: 12
selected: mcts/000103
mcts/000106 status=ready commit=d26ab73c10cacf626f0ee54219fa99ecba697e0a671c759c4ec3c1fd886aaca9 utility=-2021436.927000 reason=
mcts/000107 status=ready commit=260f0c381f085b96f38fe92c43f230ae55c4cba8f3922763809d8a172cf264c1 utility=-2013074.064000 reason=
mcts/000108 status=ready commit=dfe7d1e5c179658915bf81f9b05af6bb930701a38cf522306b0d9862143568a4 utility=-2012860.550000 reason=
mcts/000109 status=ready commit=5392dd6bbc38d12f3ac1ae4f097bd9129d9a8f8b08397a1bc56c8f96b6be4ca5 utility=-2013656.669000 reason=
mcts/000110 status=ready commit=0176ed42be989802d921d358d20c2992f660016134a1f6edbedba57f9aca6a3e utility=-2016489.525000 reason=
frontier_count: 89
best_branch: mcts/000108
step: 13
selected: mcts/000108
mcts/000111 status=ready commit=3707c47d8a80776aa9356d6f1972632bf532f690dea5e45183ae85c0c4aba2d7 utility=-2032030.820000 reason=
mcts/000112 status=ready commit=afcd0e458d1d1b748c8b424b23fa1161d0259b4c6db00bb212436cb0444b7e0b utility=-2012015.583000 reason=
mcts/000113 status=ready commit=c8bf36276219b8630cf3993cf5f823e83bace1c37ecfe0ab36ac538471fa04fe utility=-2013102.250000 reason=
mcts/000114 status=ready commit=294440b1c16aa56717c2cd81f2608341efe0687fb9513275d3391a822e640a26 utility=-1012002021652.338013 reason=
mcts/000115 status=ready commit=a83c0d5332fad63e81ceb37e7771f7574c103d54bcf3a520381a0707c913ec77 utility=-2013253.619000 reason=
frontier_count: 93
best_branch: mcts/000112
step: 14
selected: mcts/000112
mcts/000116 status=ready commit=9a3bc30ab141dec5dcd7d698dbf72eaa05e444651d997a42269ce554b50c7746 utility=-2011649.158000 reason=
mcts/000117 status=ready commit=b8c58f359b7dc0b65494aa697853f2a9ef55e5b90c814be5848947cb5ef64b75 utility=-2007666.040000 reason=
mcts/000118 status=ready commit=11ae773e9a7557b4172c509c94f62b62f221518108e970db7d09905d3910aa9b utility=-2013093.290000 reason=
mcts/000119 status=ready commit=2df627a799c1e665e76babccfcc203941791a505f68db743be05af1fe694b07c utility=-2018051.089000 reason=
mcts/000120 status=ready commit=8e3c91741697a6b3a0e9fddddd55a501237455e99a22781a60ceab7949bb4612 utility=-1017002011402.444946 reason=
frontier_count: 97
best_branch: mcts/000117
step: 15
selected: mcts/000117
mcts/000121 status=ready commit=44a6632937c1ab4e41a8c1526e7a7dfbd3b973ca268f6eea8cd3073ea424a500 utility=-2007578.527000 reason=
mcts/000122 status=ready commit=d094a80224f068fa1a81a05aaa5265356d38072a8a65ed30531510019a35b2e0 utility=-2017833.330000 reason=
mcts/000123 status=ready commit=ca5936276a570a9ea1bc584e1a8b5f872474eb9bd6392ea0183d04bfd4dad4f1 utility=-2018233.615000 reason=
mcts/000124 status=ready commit=4c459451e40db2b46114952305fc11f7ff1beec2740449851a0b4284090d200c utility=-2267063.884000 reason=
mcts/000125 status=ready commit=131e0af7133c87ae390321036327d16517ea217ff5bf9a958556d8f9681cb595 utility=-1055002017570.109009 reason=
frontier_count: 101
best_branch: mcts/000121
step: 16
selected: mcts/000121
mcts/000126 status=ready commit=61873c333121aaef26aaeb40d46214903994c68915a11c13e4e88bde700e05eb utility=-2009450.077000 reason=
mcts/000127 status=ready commit=2da9d82436cccd2f82de627f9e5b0f803a17c0640c56754409386f4385e21add utility=-2015644.682000 reason=
mcts/000128 status=ready commit=719e471b07c03ad494d7147276a5026ebc0737d300b0189efed1bc0aed9ea917 utility=-1016002010027.979004 reason=
mcts/000129 status=ready commit=cc4718117badabcc9a7226fc77dd00d73e3129ba914be866e76c486ddd215660 utility=-1011002023718.056030 reason=
mcts/000130 status=ready commit=95af8f9ea1e1a0dd1b86a2cd033e838b95e77521d41a01b3b0bcdf64e7c78662 utility=-2010823.644000 reason=
frontier_count: 105
best_branch: mcts/000121
step: 17
selected: mcts/000126
mcts/000131 status=ready commit=d2357b6b08f7eef7eaedb146bd4c18751b0236a2ac24b8f4437ba765aa518c8a utility=-2009600.281000 reason=
mcts/000132 status=ready commit=a551b3e948453ce205b6c8e937c76c38b2d3d1de50dc9804acb12af17af52682 utility=-2009856.174000 reason=
mcts/000133 status=ready commit=f53fc2607c28010ffec78ac856cf1a532df54f455fbd04b1db63fa2f3a926a1c utility=-2008806.980000 reason=
mcts/000134 status=ready commit=fc4d7d6f2ac3835d1bdfcd67f054f064bd7fbe0d3fb8012af68f80ff0cb81e1f utility=-2009533.812000 reason=
mcts/000135 status=ready commit=a579d7f2a31830b423e00b0b4d2552e81b7e5de2aec67da47e89c6da771cb3d8 utility=-2011551.340000 reason=
frontier_count: 109
best_branch: mcts/000121
step: 18
selected: mcts/000133
mcts/000136 status=ready commit=fd9aa652a1f2d5eef5fc88a39702a0766d2d361fa71841b56bb3e183bc48c33d utility=-2010711.268000 reason=
mcts/000137 status=ready commit=1a27fd59ac915f8d331b818d964a637a8468f613c7ca53f97e1c2c250e22faec utility=-2009488.796000 reason=
mcts/000138 status=ready commit=41be40b3509587d4d2f1367969c9a21ca21090738742e08c9e39f3b22b92918d utility=-2016598.119000 reason=
mcts/000139 status=ready commit=089598c36c252cde64ca8416c7f9e0997a001e45442f819c8af6884b4e4e99c1 utility=-2009248.965000 reason=
mcts/000140 status=ready commit=81b82c540e1771a58d8978fcea768d87d8ab435793e92b47a44939b422547abf utility=-2022142.483000 reason=
frontier_count: 113
best_branch: mcts/000121
step: 19
selected: mcts/000139
mcts/000141 status=ready commit=fff05d0b962e40324d7ffd3e196d21b743b042d592d133d1430465e4a5575f66 utility=-2008454.021000 reason=
mcts/000142 status=ready commit=6711bcfa95c72d5c37335d7600cb8516465d782079e64247b474268edbb89ead utility=-1044002016967.291016 reason=
mcts/000143 status=ready commit=cd327ca5b3707e6b0295536587817c82b224df941990ef09e74b4b7b3b0052a0 utility=-2011281.813000 reason=
mcts/000144 status=ready commit=66dc42debaee2e89e1937a720d97e6e1037f46927c63f4d368345cd9c3d487d5 utility=-2023920.167000 reason=
mcts/000145 status=ready commit=78d4749dcd0ec355a49d4207c31fdc6de8bfa6f333776c0f6587d9bf0826ac40 utility=-1031002018462.691040 reason=
frontier_count: 117
best_branch: mcts/000121
step: 20
selected: mcts/000141
mcts/000146 status=ready commit=9944b3f5c889fc442883f3194d4b244354fbecbfe56f0941179e7e6df3a81bab utility=-2012622.834000 reason=
mcts/000147 status=ready commit=d8dbaa3813c55cb80558cc92e9ac68b5340256382766e9b454f50e5f4e840734 utility=-1045002012713.350952 reason=
mcts/000148 status=ready commit=d869ef950abd2974f6e2895b6c172d7305a489882510404f1126d4770bc5cd91 utility=-2008670.065000 reason=
mcts/000149 status=ready commit=7026d54ed6362ba4ee138067cf66311920b813d470aa6aa6bd17a81f97a902cc utility=-2017776.806000 reason=
mcts/000150 status=ready commit=043f82b1b169a340fabb1da8c22387ed7ca06f18631a41b1a17e59e72737ff6e utility=-2012505.074000 reason=
frontier_count: 121
best_branch: mcts/000121
step: 21
selected: mcts/000148
mcts/000151 status=ready commit=555a5f94a1796bf405d47b7eeeea6ff5ed08b342491d2d9ca20c4dd74285ef0f utility=-2011939.217000 reason=
mcts/000152 status=ready commit=27be764dc21c386d7f26cf7da51e324ef9ba4e68bde98f946d90cf019652b70a utility=-2013467.789000 reason=
mcts/000153 status=ready commit=13c994efe953ee79393ec3e4188d6416ddceeb2f26c4148907efdba4374a906b utility=-2015356.686000 reason=
mcts/000154 status=ready commit=21332d099f9b37ae8d79efd71842fc05c7773462eb8f7006d109886bc945a9c9 utility=-2030587.420000 reason=
mcts/000155 status=ready commit=b7d42cacbf20a30d9ad5e3c7d353fc889b52de9c106dacaff1d881d39d27efe4 utility=-1021002012474.302979 reason=
frontier_count: 125
best_branch: mcts/000121
step: 22
selected: mcts/000137
mcts/000156 status=ready commit=e245927a9ce6bd8129b7c51f42d554822997f5b287f8521f5342c10dc2d03066 utility=-1988136.703000 reason=
mcts/000157 status=ready commit=c7c229cbac82f37ec0a7a06305021c4a8c5ae67c45e7ddfc6beda72baf03b63d utility=-2009386.066000 reason=
mcts/000158 status=ready commit=a43951f045447fff578193035d880b61673f41e0e6e39f0c3ccd4188b45f0498 utility=-2025811.178000 reason=
mcts/000159 status=ready commit=2ad49c1a3e0fd2e55ed37d8d4f0c2e76c1a8a561cd76e3de72f5cdaed2cbe5d6 utility=-2025811.178000 reason=
mcts/000160 status=ready commit=1bab3bfa4e9aa2c9d009443a534586277ee9d5ac907c3923c606e3c882fb1378 utility=-2008973.480000 reason=
frontier_count: 129
best_branch: mcts/000156
step: 23
selected: mcts/000156
mcts/000161 status=ready commit=57f5665acb5339ae3ab98551c3277d6338e1823b0b9aca5a3cd9bb2a8acf95dc utility=-1989316.473000 reason=
mcts/000162 status=ready commit=be31e8929dd872d29d46f28376d2163ab8826d71f475fb21f41c127ff2387f23 utility=-1985829.560000 reason=
mcts/000163 status=ready commit=3f8307ecc42fb4b100627e894d48bd817f096d7a9e95168ea3b8ce6da5ffa0a8 utility=-1979387.160000 reason=
mcts/000164 status=ready commit=993db6733833bb38bb26fc4fc2c854f41a6c2b55447ba7539bb165e63a8d9a83 utility=-1990116.970000 reason=
mcts/000165 status=ready commit=4382a0f561f79b839292332d583cb6d6d389e37598341781b6e87e6f6c34be36 utility=-1987940.925000 reason=
frontier_count: 133
best_branch: mcts/000163
step: 24
selected: mcts/000163
mcts/000166 status=ready commit=52b94a7192087fc26e8bafe243fcacf8a031472e1cba861e187f09d6d9b19930 utility=-1004001977928.390991 reason=
mcts/000167 status=ready commit=cc8359f09e4327808ba7a1f354389e4451756fd84a768c258b15d5175443686d utility=-1996476.468000 reason=
mcts/000168 status=ready commit=dfb3d0a6f866ca7fd7f8800219b22bd0ff654607d539c8c48dbc23e0a6eaaa0a utility=-1983291.424000 reason=
mcts/000169 status=ready commit=b20b814627486f68b407633e84feb7ea6ef65be3ed85fa5025dd3f3766221cde utility=-1987164.035000 reason=
mcts/000170 status=ready commit=33c795275f911bb365091a22fe1d7efe7c29260e1fe437dffd3c121b5b19b010 utility=-1992932.088000 reason=
frontier_count: 137
best_branch: mcts/000163
step: 25
selected: mcts/000168
mcts/000171 status=ready commit=1b8720a88284d6587dbfd1dd1c2e14aecdf653e894c5bf0715b89aa4b33a0df3 utility=-1995140.132000 reason=
mcts/000172 status=ready commit=c7fb2a3fc37d28c057bf56ffa7ba93ec396774bb34b8c157c1eb8245bb690bea utility=-1986760.906000 reason=
mcts/000173 status=ready commit=7f1927564f4cf804d076412a44e9306ea9b4e58c6ff2d6ed9f8439459043978f utility=-2002872.414000 reason=
mcts/000174 status=ready commit=d6bc9676c521628992f2bf27c44a0fefb00f4b2fcd66932f61a99568c9bf74e0 utility=-2000825.340000 reason=
mcts/000175 status=ready commit=e6a2a78e69782773862b1be59bc8cafb429029eb9982a352f3eadd9c302f5a5b utility=-1983189.621000 reason=
frontier_count: 141
best_branch: mcts/000163
step: 26
selected: mcts/000175
mcts/000176 status=ready commit=0d5f322338bc631a8628f92c2e21f4c40fb8fff3477374c90221ad16b965e112 utility=-1983003.187000 reason=
mcts/000177 status=ready commit=73d9c7305c4d56f000c3955796a0475dbc5b785f19664ad49dd411dd9ce76f3d utility=-1981033.474000 reason=
mcts/000178 status=ready commit=0f55de8d8fb2edafde69c8fd4c359bec1c60aa5462b49b2fcc2708ef40ae9651 utility=-1983684.855000 reason=
mcts/000179 status=ready commit=948034e128a2ab9304eeba7b16539d5d9c59907c1cf968ecdaa02eb02b1444d8 utility=-1982395.258000 reason=
mcts/000180 status=ready commit=de15fca4676d0aefaeae3da5870f70d0eec8a1b4add3faddfa05b3cc3c799eb6 utility=-1028002001518.895996 reason=
frontier_count: 145
best_branch: mcts/000163
step: 27
selected: mcts/000177
mcts/000181 status=ready commit=0695441ccbeec94829a18012687bfa5556b8fb6930b74992b3b0098f8f700b51 utility=-1013001980730.218018 reason=
mcts/000182 status=ready commit=2b75e994e76c9a8b52c73eb24efa8d1f213d861ed972a2134ff9ecb684f02c66 utility=-1010001980005.297974 reason=
mcts/000183 status=ready commit=66f09c5d56b052548f95c95dbbfe45caa0e595a79a2a020b1aafcb6b515dacd8 utility=-1985177.733000 reason=
mcts/000184 status=ready commit=3b5ea838a4be2c62c81bf501a269583f94ce7295e1d7345b72d576f1fccdd1e7 utility=-1982714.894000 reason=
mcts/000185 status=ready commit=a385f240e8d21cdb167ffe9d2689b93227673a415503c64d73270a4d74494f37 utility=-1978001.616000 reason=
frontier_count: 149
best_branch: mcts/000185
step: 28
selected: mcts/000185
mcts/000186 status=ready commit=9e990f41a6f8fd28f5ae4d6e1a255c18f7107cbe15c973d0fffc2d068e0ab289 utility=-1978416.495000 reason=
mcts/000187 status=ready commit=5cd82dd9d89adf0ea56eda4eba467f1cef2098852886a3c0249bedd90ed0e98b utility=-1977750.928000 reason=
mcts/000188 status=ready commit=4d0080a294eaccb099691fe91b2fe8e874ed1b4ba8ae7ee2b0e9d22d575eee0a utility=-1978148.642000 reason=
mcts/000189 status=ready commit=d25352b32370effca3817abc08204aa48e8dea3ab0a966d30bdd43fa4b5568b1 utility=-1978835.411000 reason=
mcts/000190 status=ready commit=95089e952bd948ad236953de0642134e920bc06ed0b0c4657d1b7674dc027279 utility=-1981784.747000 reason=
frontier_count: 153
best_branch: mcts/000187
step: 29
selected: mcts/000187
mcts/000191 status=ready commit=2712f1096a102c4fabdcb4bf04e088641ac6143ce9115429a67268fdf05ea55c utility=-1020001980948.964966 reason=
mcts/000192 status=ready commit=be703a7c9367f441a6d6d64ac0743075c783dde399fba4899fe66129b65ebfd1 utility=-1978190.991000 reason=
mcts/000193 status=ready commit=7cedb76d372d5e9eb6202879a8a36a9713a3295e753cacba460e98c880cba9d7 utility=-1978640.283000 reason=
mcts/000194 status=ready commit=2af320b5e1a2cf3346efc68964d82c24bc629127ef34ac3a912011adc011fd29 utility=-1978291.047000 reason=
mcts/000195 status=ready commit=522d0188c0c970d353b4b332baf051e0cc03532c2d88d7a5565812926b5678cb utility=-1026001977148.939941 reason=
frontier_count: 157
best_branch: mcts/000187
step: 30
selected: mcts/000188
mcts/000196 status=ready commit=498b908f058cf98f3ced7485d64817689a7ae607dd08c7c6d4917a27293edc8e utility=-1979194.096000 reason=
mcts/000197 status=ready commit=4ffaf65c45507cbc9ee7e50bd6e7888bfddba30a3ae5cdef21812f3e019ea9b2 utility=-1979379.208000 reason=
mcts/000198 status=ready commit=650374c5cf43181693e7f14d0499a3dd99f8b69ff1cc4db0fc16224f5cc121c7 utility=-1016001994119.868042 reason=
mcts/000199 status=ready commit=65e10eb9584a2d6c3343546ee319ad019dd874df8714a6d034e0b430f88db21e utility=-1976650.739000 reason=
mcts/000200 status=ready commit=9a0166c4e1f407a2131b33f27bf2dff9af246101e4255a02aee2cf952f057c3c utility=-1976942.888000 reason=
frontier_count: 161
best_branch: mcts/000199
step: 31
selected: mcts/000199
mcts/000201 status=ready commit=7003b3ed92c4ea7d2fdd4a555efa1caaaa0bfad3e651e2bc7473da0e6cf79ad3 utility=-1976285.147000 reason=
mcts/000202 status=ready commit=44b8df0572125c472566385ee98b690b93f0ba8d9aaa2851a926e9d365a3952a utility=-1018001976139.956055 reason=
mcts/000203 status=ready commit=4b62eb6bc6ca7e090ba3b713ff012f76ec7ff177bf9bb0c4014ea0ce3e322731 utility=-1975950.828000 reason=
mcts/000204 status=ready commit=6b351c9b459147ea3cce66987b2bc92700046bdc2300aa61d3703c90dbdfef94 utility=-1977399.274000 reason=
mcts/000205 status=ready commit=2645b38c406c7bc8a44f5048c844c704047172c783847bd567db8f6a99b419e9 utility=-1007001976584.206055 reason=
frontier_count: 165
best_branch: mcts/000203
step: 32
selected: mcts/000203
mcts/000206 status=ready commit=a79a2b09bfcd6ef1d8abbcc6c77724f9654b0caa9e286e9d53b21614670ff12c utility=-1977832.778000 reason=
mcts/000207 status=ready commit=0746e347bc668b7511145b9930908b2c7418e846292df19facd11e391808d538 utility=-1986640.629000 reason=
mcts/000208 status=ready commit=035e58393ed378c9c505a744344341431388ad75fdd797d9863cf77bab00cc17 utility=-1975666.502000 reason=
mcts/000209 status=ready commit=6c02746df5f5d5454dbe52fbbfd5265a840c8fa54b3f202037bb482596767552 utility=-1017001978885.671021 reason=
mcts/000210 status=ready commit=c77f373317e0fdc0e9e09caea855541d3dcd124def668d18f070cb73418e3adf utility=-1975457.872000 reason=
frontier_count: 169
best_branch: mcts/000210
step: 33
selected: mcts/000210
mcts/000211 status=ready commit=98bb22bf69898f64581e9fb4d6206607833428f7229bea6d2be5ecf7e1f7e826 utility=-1976683.539000 reason=
mcts/000212 status=ready commit=f719979365070db17d8c3d605ca2dc228d2487c4999d38717958298c91815ffb utility=-1979465.338000 reason=
mcts/000213 status=ready commit=38ff857bd9291cd46c804e121a2eeeeacc06b8dd29e24bc171472f62422d8447 utility=-1974697.899000 reason=
mcts/000214 status=ready commit=0b2cd8504fd3979563430bb6dc41aaebdd3158d71dec44bad4c68f4ccb26c8e0 utility=-1975932.577000 reason=
mcts/000215 status=ready commit=dbf18481b3571b9dfa2361389da0a106df6aac528f42c4c603f5e8cbe2698298 utility=-1975964.072000 reason=
frontier_count: 173
best_branch: mcts/000213
step: 34
selected: mcts/000213
mcts/000216 status=ready commit=d5767ec8bdcf19766d1a6a6c1a8ea743f929b3a8d7ee8101e65c567fabaa9db2 utility=-1005001976402.270996 reason=
mcts/000217 status=ready commit=4be37a88e68327867a84d07384504182984caabcdb0346f088bc35025512551f utility=-1014001983083.019043 reason=
mcts/000218 status=ready commit=c988802681fb671d0358efe87e1e40ef1f4c7e9a5ee60603da4643452ec45bb2 utility=-1020001978247.296021 reason=
mcts/000219 status=ready commit=5a71ecab828bd1bacae09f8f99ccfde8e2964583459682c5d1e2e869cbc96ae2 utility=-1007001975646.192993 reason=
mcts/000220 status=ready commit=49aa1e53d318d1a12380720a75071e81a411eab1bb139a3f591ba618dc690d28 utility=-1976432.758000 reason=
frontier_count: 177
best_branch: mcts/000213
step: 35
selected: mcts/000208
mcts/000221 status=ready commit=2d748e2efdacbb075046da80f2483e6fa3cd641e2719951bfaba1f3faf4b4e9e utility=-1974146.265000 reason=
mcts/000222 status=ready commit=715b065aa9d9ec05a84924e31dfdd5caade263de5ac59a9998e3fe5681d85cba utility=-1861277.216000 reason=
mcts/000223 status=ready commit=bf3901a7fd690a278a142caec427243acb2bdba0e121576782909b510a9ea248 utility=-1976295.260000 reason=
mcts/000224 status=ready commit=be6ffd05d250c23754f7c5e30da268725260ea4187d22e2defabdab8eb03e660 utility=-1975880.087000 reason=
mcts/000225 status=ready commit=348b384f7f2e8d540b9e80f9f2cd5bb4bed133ca48bec9cf8c45be78d10845f0 utility=-1015001976786.464966 reason=
frontier_count: 181
best_branch: mcts/000222
step: 36
selected: mcts/000222
mcts/000226 status=ready commit=db25b27fc3760eda66edbc27672fa16dcdd68040c164d3e2dca7b64fda4e87fa utility=-1770569.093000 reason=
mcts/000227 status=ready commit=7a719d151446053e4df4e29fdc3ae16fec5705137c8c0190f69a9b6a8a0c890a utility=-1862205.653000 reason=
mcts/000228 status=ready commit=3529aba777f8c355c26484a71c22ea56be2620eb4fbf88970edff4486f3b0be9 utility=-1975870.684000 reason=
mcts/000229 status=ready commit=84439f08b6ecfb69c01486ceabcf7a38354cfb00b1f193975336d5cba9a39240 utility=-1981976.947000 reason=
mcts/000230 status=ready commit=3c19ba49833961c1c3d06871eeb8f9e1becc7889af598e22ea3ad7e62974698d utility=-1012001875345.904053 reason=
frontier_count: 185
best_branch: mcts/000226
step: 37
selected: mcts/000226
mcts/000231 status=ready commit=7e4b0e38ee13a5509e21cc7c2beabab05f9453b2de014a42a26d4ceb426595b6 utility=-1818326.601000 reason=
mcts/000232 status=ready commit=0e3aba60401aad12ca14c8dd7c98f31e1c7b9c9d36bcc1661f54d2a41f81969a utility=-1024001868439.437012 reason=
mcts/000233 status=ready commit=a2525ac1d1d7c2ef9e7fce5cf00854ce5da3c96f652c00f2531c09bc61642265 utility=-1981565.272000 reason=
mcts/000234 status=ready commit=4a5c7e6cbe4ffb6136b22a242f790d8e455c686fbc3bc666e419897f8f8b2102 utility=-1901682.417000 reason=
mcts/000235 status=ready commit=d3b0f16ac36e6c2c355a9ca875da20a00992ee5f0e3df569a9f16fae67ca9962 utility=-1865673.093000 reason=
frontier_count: 189
best_branch: mcts/000226
step: 38
selected: mcts/000231
mcts/000236 status=ready commit=137a862aa23d66f562a4d80a4b9437c15e4f44c5cd8e05f07454f8bc63f25919 utility=-1817816.937000 reason=
mcts/000237 status=ready commit=9f90ed3a0608d3a29347a2e10c57f27deaa5693bf4b9449fc6b18a6e248ca6e2 utility=-1983940.347000 reason=
mcts/000238 status=ready commit=d3b24893d762c2c2f347d53b4b6eb1dee1f8d0dadb4b87eb906605b5c43f5db7 utility=-1982335.035000 reason=
mcts/000239 status=ready commit=215c8a36da1abfc03bdbda732ea31c2831670825b34c348c62ebc26e4fc5b90a utility=-1014001983844.552002 reason=
mcts/000240 status=ready commit=d7e9ba92845acf988681636502997fe09b98d4835945cf4972d14c14d82c7780 utility=-1984394.829000 reason=
frontier_count: 193
best_branch: mcts/000226
step: 39
selected: mcts/000236
mcts/000241 status=ready commit=d4ba06d1fe44e7bedbad9280947a8d9b9c058b4e6d191378e8788e7a8ae75416 utility=-1016001982405.678955 reason=
mcts/000242 status=ready commit=f686e9bf5e66329b36b556f4e5183cb906849ce3c2e07dc9aef9a99868bb04c3 utility=-1982908.994000 reason=
mcts/000243 status=ready commit=893f06e1bc86407f9f89aaf1a755fa16d6a8a02146708b4992880abc4a55b801 utility=-1017001983535.626953 reason=
mcts/000244 status=ready commit=e6c20ee1abf2dc829363555a41b3c2b8a084873b587673649170139d531dc255 utility=-1010001983376.991943 reason=
mcts/000245 status=ready commit=1559143b9b0b68bbc06873b153aab0546af217aa1ae4b880d0fe2421443f7cef utility=-1981874.222000 reason=
frontier_count: 197
best_branch: mcts/000226
step: 40
selected: mcts/000227
mcts/000246 status=ready commit=fdc7648d66b3a4a8e286cdbf25c986315ce5b0919a3ea04ed3d00fcd10e08b04 utility=-1004001983195.951050 reason=
mcts/000247 status=ready commit=a81511771f969cf65feb3b1d725db4ce41ed1442f6aafb15d542d48b7f48629c utility=-1982917.716000 reason=
mcts/000248 status=ready commit=26ade4186faf69813fc4cd51c95ab821e2be027d62cba9355ab14e3c01726f9c utility=-1006001982736.886963 reason=
mcts/000249 status=ready commit=cfbd829d1ac9c12af03f160011b2edd873f566aa31b6bb0e3322b9e444ab37ba utility=-1023001979500.301025 reason=
mcts/000250 status=ready commit=c58316b06284de5fa1d0cbadbdcab74ead64576b7935dd9f7a12f1b0febd257a utility=-1986591.143000 reason=
frontier_count: 201
best_branch: mcts/000226
step: 41
selected: mcts/000235
mcts/000251 status=ready commit=bce5bdb98633445ad7acf320b05aaaccf64888e202f7b3ba59187bc0ede556ee utility=-1017001979342.982056 reason=
mcts/000252 status=ready commit=a705685fc28761ce8508f01beb410beb90930df0647e00701884f19c1120ae50 utility=-1876395.617000 reason=
mcts/000253 status=ready commit=04a2eebc47f9aaed623aba0fdaf5cb8f25d7cceaeb8ec21e3d03306012cb75d6 utility=-1862900.401000 reason=
mcts/000254 status=ready commit=c8666fd9aa62365fce84c5bac1f702192f8f8cf38dd25e5cd48b23f68431f320 utility=-1867940.615000 reason=
mcts/000255 status=ready commit=5c862ba16cc3be06d9e65d1f553c8be94ca1b1c1a2e881d8fddae79457b4930f utility=-1871465.870000 reason=
frontier_count: 205
best_branch: mcts/000226
step: 42
selected: mcts/000253
mcts/000256 status=ready commit=38d2750bbf98e2657742fce1256d920b7cbc166f1ebd486d640a577dc5a4e731 utility=-1870367.807000 reason=
mcts/000257 status=ready commit=d1a018e441c2f8e58ea4f7b6d451f94c0edade4415cfbe2573242db8bd43477b utility=-1005001865660.590942 reason=
mcts/000258 status=ready commit=741ee4ace63f0db8da7f70a67cbf8f1ab051bc8465d31309af6851ec906a42e2 utility=-1005001982672.608032 reason=
mcts/000259 status=ready commit=d14bc11b5ad48de4d6f09939fb31f039581a87decfe3b2d44fde9acf0a116a2b utility=-1719504.333000 reason=
mcts/000260 status=ready commit=0bd3c126a2e9b229135d383f93b6d020342444e2ce4cc5031102fc3e92a36661 utility=-1015001974480.099976 reason=
frontier_count: 209
best_branch: mcts/000259
step: 43
selected: mcts/000259
mcts/000261 status=ready commit=43821f7dc2f30e22b4e7b002d256a47eb4aca545b7f540823378df3dbb958012 utility=-1721433.294000 reason=
mcts/000262 status=ready commit=2de045d78072ef86aaf4c4f29c6787af695d8cb56a7cbbee3221a5441543abcb utility=-1718182.657000 reason=
mcts/000263 status=ready commit=a3b7cb3e1c8dd4d9ac0c19574c85d515214775b466d2005f590ef11f5d244808 utility=-1013001740515.427002 reason=
mcts/000264 status=ready commit=4b60fe8de838fb2cc77419f3d6d05eedf90f5cc21da69643888d50115ef990a9 utility=-1984696.336000 reason=
mcts/000265 status=ready commit=efc301bdce48be631ce34ebe21435846b1b40844554bc20afe3d4d0613dd91fd utility=-1002001717799.821045 reason=
frontier_count: 213
best_branch: mcts/000262
step: 44
selected: mcts/000262
mcts/000266 status=ready commit=701071a73d1b33d5f9f3ff55870dfe9ddaf23c1a4cf0e6794501c7eec6372229 utility=-1792352.038000 reason=
mcts/000267 status=ready commit=fcb87f910672a9fed7c87db0892ff24b111978a11a474637cf6bdd598be445fb utility=-1985478.787000 reason=
mcts/000268 status=ready commit=10fd258e8e8b247a8f6b4c847b6b946f417d5e589b08acdde66645d6f266bf45 utility=-1018001724549.482056 reason=
mcts/000269 status=ready commit=04758ddb1b8cabd4de05bc247e200b208432111cc001136acfe7d18cc65793ef utility=-1716819.704000 reason=
mcts/000270 status=ready commit=2c03afea8334f7929cd04bf768552c7113803ccade68aa9ed06fe9e963c51ae6 utility=-1985542.667000 reason=
frontier_count: 217
best_branch: mcts/000269
step: 45
selected: mcts/000269
mcts/000271 status=ready commit=bfe1235eb6277338f5dae751ce9c4bb4a7abfd7d9fe2593c15e6a93d37630213 utility=-1717245.035000 reason=
mcts/000272 status=ready commit=3b589a5f4fa1cbb68d452430d8d81b73bf8aa228e0a2691019d42fca294e96ae utility=-1716859.759000 reason=
mcts/000273 status=ready commit=b4c5cfbe9cfa3597bacac8861138735f52894a1fcf349715dca9bcfbf676ecfa utility=-1951960.587000 reason=
mcts/000274 status=ready commit=ac2e52c04f5f5f64266b6138a8848deee3f5d1b36269137f17217fd2ca936d5f utility=-1716031.120000 reason=
mcts/000275 status=ready commit=a72cd2820d9acc993c83d19f7e22cb0c4e7ed9a6d0071944d4527758a73256bf utility=-1047001716322.069946 reason=
frontier_count: 221
best_branch: mcts/000274
step: 46
selected: mcts/000274
mcts/000276 status=ready commit=8f23850527aa2aa83b619ed80abf6684a0f5beefae4d5b485259945ab8ff53c5 utility=-1011001951302.399048 reason=
mcts/000277 status=ready commit=4e50e3ffa88903193e1ee9b475eb96cc9f9f154b64c87dee1095d3aedcd8ddff utility=-1981470.774000 reason=
mcts/000278 status=ready commit=f301f3817ed3b8febca18dad0dcdea0fafb7bfdc3ae785223b1a130ba91f360f utility=-2012299.168000 reason=
mcts/000279 status=ready commit=562ddbf67299c81c69c008d65f696a94f521219bcde0a7a8d4a865784593e128 utility=-2034882.231000 reason=
mcts/000280 status=ready commit=f6580e40a07f3c7a9d8729d0e2b25d340f03eaaefbf68653dc0a0c4290c2a700 utility=-1981790.378000 reason=
frontier_count: 225
best_branch: mcts/000274
step: 47
selected: mcts/000272
mcts/000281 status=ready commit=b9474ab4780eaab39dc0d8306c35c0debfc05f97a6491faf84230f73524586bb utility=-1719507.836000 reason=
mcts/000282 status=ready commit=081fc4bd4581ed2a3b11cce7d737e11e544ff9dcc6a569efed18dc2bcc3bed3b utility=-2033641.880000 reason=
mcts/000283 status=ready commit=60a379c5ccf1d8bc60dc20e6cd2d2ecd27c4048b9f647b91c4256a958e60e6c7 utility=-1985414.638000 reason=
mcts/000284 status=ready commit=3b9575fda769d1173b71defa7548028f365c0c125b7777f1e1c03b36a05cea82 utility=-1006001736464.186035 reason=
mcts/000285 status=ready commit=2fca48030e015b69af8d81a4e53e28602f0032c86fb04b95eacf579eda3fc369 utility=-1984380.031000 reason=
frontier_count: 229
best_branch: mcts/000274
step: 48
selected: mcts/000271
mcts/000286 status=ready commit=7262792c7a3cd12ba5a6f8900971d4050122dc15d36e7b9e24e2ef06131055c7 utility=-1980737.750000 reason=
mcts/000287 status=ready commit=d117b52562148e16f549e6acc24fca3cb289e5daea72a99ece75b313d85804e9 utility=-1727579.174000 reason=
mcts/000288 status=ready commit=4c74e980c3029d3bd2ca27760fe15945e9a0b614b3d271a793eda411ce8d3d3b utility=-1845537.969000 reason=
mcts/000289 status=ready commit=764cb6a28acc75ee2fe652055057d40c1f76ce349e09521158280153a2605c43 utility=-1965041.953000 reason=
mcts/000290 status=ready commit=bf7994e891de34777156756cb3f19c8092e1b9bc5d5e2dd3b6f1495c285063c7 utility=-1952761.956000 reason=
frontier_count: 233
best_branch: mcts/000274
step: 49
selected: mcts/000281
mcts/000291 status=ready commit=8ad98dc81d664e9a7ef35380c6756d5dffead6655c3487ab067fdcd4c9425e1f utility=-1730762.630000 reason=
mcts/000292 status=ready commit=5b4d58d7010ded6a19efb12b0f03ec16f435c10cf4a6f310cc4bc112eebd68c7 utility=-1004001720492.134033 reason=
mcts/000293 status=ready commit=a8f9672ef2efae4954ee19ee607cf956681f34b7a89154f48275eec023d62270 utility=-1721083.196000 reason=
mcts/000294 status=ready commit=d442287c33185040343693acf8525c433f484d033964287ba6b75594dc82744e utility=-1724251.214000 reason=
mcts/000295 status=ready commit=034724c5d79625db1f34d4d9a28e2d86e08a6ce4c8c7a8c81a9022334820c118 utility=-1719968.824000 reason=
frontier_count: 237
best_branch: mcts/000274
step: 50
selected: mcts/000295
mcts/000296 status=ready commit=3f463bdf3ac0335ee0435430ec18b8c4201de14860b5a920e81992bee666403b utility=-1010001753789.784058 reason=
mcts/000297 status=ready commit=d577ba97deb928ceb9dae21fe82b48eb23241fe6fffef295a79197e89e5d55b1 utility=-1750654.710000 reason=
mcts/000298 status=ready commit=70bc04005016045c05d0857d686a7b8f520baf6f01c76874e90fe4efe7b94343 utility=-1716502.718000 reason=
mcts/000299 status=ready commit=7f71d9eece051f7842dfe54f0df504700909fe7de33d6a98b600e70f8b9b5016 utility=-1736873.187000 reason=
mcts/000300 status=ready commit=712b832272affaa5be984ff92a8b412a1f40e450db13f41f9eee526390e6459f utility=-1010001719584.286987 reason=
frontier_count: 241
best_branch: mcts/000274
steps_executed: 50
last_selected: mcts/000295
best_branch: mcts/000274
[treegit] background run started 2026-03-24 16:20:53 -0400
step: 1
selected: mcts/000298
mcts/000301 status=ready commit=11df5ebf0a27bfa37a104c676aac82bf916a4792bbafbb6e371842423a0ea184 utility=-1014001729662.999023 reason=
mcts/000302 status=ready commit=1078619927b39cc5175eeea42c421aed6949276ce02b282fe8e475fbb484660f utility=-1717989.050000 reason=
mcts/000303 status=ready commit=a792fb1c1c3b202d6e39635e1fd8bbf7183e9b7ec5ffc4277bd2cfe8694d29eb utility=-1717652.843000 reason=
mcts/000304 status=ready commit=f372a3ffacb2dd5f1ec8ed148493aaab10123e1bdce65935a4ef18034b148437 utility=-1717802.026000 reason=
mcts/000305 status=ready commit=a19398d25e3b01fa4f4765bfc7a7a39c920ec87bc3500d31a0fe480fdb3eb3a9 utility=-1718427.608000 reason=
frontier_count: 245
best_branch: mcts/000274
step: 2
selected: mcts/000303
mcts/000306 status=ready commit=5894c5424c5c0aa36e1ccdd98f9bb96ae31e6603ddbff5af573f17721d5ac1ae utility=-1717158.879000 reason=
mcts/000307 status=ready commit=bbcdfe7a545dedcc0feaf308da94378c85013f77cd398808032f8025d79cbb79 utility=-1997024.848000 reason=
mcts/000308 status=ready commit=674a0d9f7b7f7a7df24da2e90a2cbc29472067c74c07be2677073a5be4f72b0b utility=-1005001583815.269043 reason=
mcts/000309 status=ready commit=d825da3fb5d6b6a2dced9d31f203f3c8ce312f7cd7587c882756163da5f4e130 utility=-1009001716786.657959 reason=
mcts/000310 status=ready commit=e0772087bad094f2200891d8d72b12f7689c6a75c8dafb13f4831395c6eecec1 utility=-1010002021043.603027 reason=
frontier_count: 249
best_branch: mcts/000274
step: 3
selected: mcts/000306
mcts/000311 status=ready commit=21c205f04893d6855237e77abbc2250f80b6c5bde43aa684e1847367a1e270a4 utility=-1719780.540000 reason=
mcts/000312 status=ready commit=eb48104b5d09384ec9cbd446f7103116330fe4ec7fb2f88ff5afa7cbea0ce09c utility=-1718151.466000 reason=
mcts/000313 status=ready commit=3ec2a4060390ecd21b28181f29aa319c53040486c195bff4f7d871ebdffdd969 utility=-1718001.456000 reason=
mcts/000314 status=ready commit=da5eaf1624c62517cdbe2a91e3a5008d5e31dd583d47edaeb938421ad1f941e4 utility=-1725650.354000 reason=
mcts/000315 status=ready commit=205152752050a2e8ec1ba1d3a7149469ae1486b45dc00d9a599cdb5b1158ec70 utility=-1717930.517000 reason=
frontier_count: 253
best_branch: mcts/000274
step: 4
selected: mcts/000304
mcts/000316 status=ready commit=a30f171270d7ae68b231750b9a8ee6061214e168893aa52ed3db0da3f2d4447e utility=-1716273.438000 reason=
mcts/000317 status=ready commit=52444c35f1cee505e74c009865749b4045f60a448382ff783538a599c7bfd365 utility=-1718138.913000 reason=
mcts/000318 status=ready commit=2bf344179b062756fa3db3a6ab4d5b7564458bc5643dfb4522238adb0249e751 utility=-1717528.086000 reason=
mcts/000319 status=ready commit=a64a69d00c5c798c2bc89e2e63b1adfbeaedca01c7c25dabdddddc01aa94e7c6 utility=-1718162.744000 reason=
mcts/000320 status=ready commit=3475ace2f36c2ff73a46f247d614cbd517336470ee87a0402463d75a214ed54e utility=-1718162.744000 reason=
frontier_count: 257
best_branch: mcts/000274
step: 5
selected: mcts/000316
mcts/000321 status=ready commit=755d41cbe6b06e3d6a776ca8a979c93af3abcfb030d49f701368324e829fe12e utility=-1717877.121000 reason=
mcts/000322 status=ready commit=c3d1f79fce939594a681fda69df4c6e83eeb8616b432ffee17d087ac81197cda utility=-1013001718383.392944 reason=
mcts/000323 status=ready commit=1cba2becdd6d0a723021ce8d20b6bfb68738b7669cdd8019aff90daa5257801e utility=-1009001722796.840942 reason=
mcts/000324 status=ready commit=1ede7be9fabb8a9adc672ae0cddccbc383e9b27c50f4832beacff8331cd19dbb utility=-1718766.488000 reason=
mcts/000325 status=ready commit=e0fbbada1ec3ba7b94beddb1a81ebcc1c0fa7d7f1d7fb93843914b06906e6c33 utility=-1733307.444000 reason=
frontier_count: 261
best_branch: mcts/000274
step: 6
selected: mcts/000318
mcts/000326 status=ready commit=95ef62d2e784741ba8adeaa30eaa7c17244c37b98af311818e65f56c47eaf116 utility=-1012001717587.902954 reason=
mcts/000327 status=ready commit=82b4691f53d906e904474ba7b0d1e6796ce138eafe8fb4e80f8153a9c5e25b29 utility=-2037757.013000 reason=
mcts/000328 status=ready commit=8cd5bcc60206b63659c5ea7e6545f92aea936fa5f77da9a318715e3ffc1f3766 utility=-1718283.361000 reason=
mcts/000329 status=ready commit=dd73257f40ee48a2d94be33d7087458fbefcc33995ddeed88ea48a7c442198f4 utility=-1718055.993000 reason=
mcts/000330 status=ready commit=a51a96e4f4bc8f7aede89c4de6463036e5ba074ba933d326d8e67970516d57cd utility=-1719570.032000 reason=
frontier_count: 265
best_branch: mcts/000274
step: 7
selected: mcts/000321
mcts/000331 status=ready commit=b931db46e359db2b173f30e32b651e1ab866021cc6d62a92a4709d5fb25635e8 utility=-1716994.264000 reason=
mcts/000332 status=ready commit=aaf43fd9216d2fcd5d8a7dcf5682fd9b4de92a5108754fa3ca5d3a2261ca3954 utility=-1016001729151.244995 reason=
mcts/000333 status=ready commit=cf13194560e88e2534216c67285bb04dbaf2bd3ad21dfd2cd5df4578f9c5ba65 utility=-1727202.907000 reason=
mcts/000334 status=ready commit=37a70cdd81053c459414647cb3b466c133f5000a1a49f758ecd196fd6e5ff210 utility=-1719321.322000 reason=
mcts/000335 status=ready commit=9dcced826840386be439ec798e57ac772c0847698c632a66828dba56b851965a utility=-1853763.286000 reason=
frontier_count: 269
best_branch: mcts/000274
step: 8
selected: mcts/000331
mcts/000336 status=ready commit=75e75c02072efc165c0a4ee013d13b06415a5df15e2823e94327671caa050c05 utility=-1846897.766000 reason=
mcts/000337 status=ready commit=f0c247eec616ff64054a45980e61dc30824945657a328a6f37ac64390bce779a utility=-1012001717462.063965 reason=
mcts/000338 status=ready commit=9652f76a80a67f22f44379d76eee7ca9378ffbeb420f50b99aa56f1842f2139e utility=-1717917.362000 reason=
mcts/000339 status=ready commit=d00d72e6ad95c18d93ca3b93143bd7b93407e92a190d56b03277b51874988aa6 utility=-1717730.949000 reason=
mcts/000340 status=ready commit=17f0d1cc63ab8d611a9248f0fe26f84ac33415f9a884d92e6e4f0f44203459d3 utility=-1718448.949000 reason=
frontier_count: 273
best_branch: mcts/000274
step: 9
selected: mcts/000339
mcts/000341 status=ready commit=8e22999d9f14cc6d09a843c4b9e9f1d265307e8e3c1e1d2a5f4a626035d7fc06 utility=-1008001716800.569946 reason=
mcts/000342 status=ready commit=8bf7707fc78b9fe5e5436d7548283b127237e7bd8e09e51a39b588b10a41971c utility=-1001001717487.433960 reason=
mcts/000343 status=ready commit=b2686bd3d17caea7c57a46f9e79b41954db38994d82dacc4670a07286b9f1b06 utility=-1717494.202000 reason=
mcts/000344 status=ready commit=3680a867922ee9bd07ce451e536af1dea061c23e8750df246553dee28bc07889 utility=-1718493.635000 reason=
mcts/000345 status=ready commit=8ea2396ae193157aa7d581ac9e1f4b4bf20a80270d87e86ccd324b982425063c utility=-1750375.097000 reason=
frontier_count: 277
best_branch: mcts/000274
step: 10
selected: mcts/000343
mcts/000346 status=ready commit=50f573d6418ce3889fd2e640d6f984887a0c892367c54fbe372346ebea0f6216 utility=-1736766.776000 reason=
mcts/000347 status=ready commit=9b4d1cab0f48b283cd0dc5482e23cfdee17a3af0fac2f817836dd2c7f584c2c3 utility=-1141001535529.016113 reason=
mcts/000348 status=ready commit=43baa773a0413bc4292e62c4e5e14b616fac8754dc37a15973b2ccecb7d47343 utility=-1721264.841000 reason=
mcts/000349 status=ready commit=59aa4cb2eb21b3db5601c23e5fd13b85fe7eef0f575a132336e2acb78ed0a242 utility=-1014001732609.946045 reason=
mcts/000350 status=ready commit=32d0cb33ace4892ec80c03f879797a7f2e974316845691239b8bbb74786a6965 utility=-1718948.823000 reason=
frontier_count: 281
best_branch: mcts/000274
step: 11
selected: mcts/000338
mcts/000351 status=ready commit=db412f1abe82424716dec64be4771bad12a36cb8cc138b77288af85214c65ee4 utility=-1625193.908000 reason=
mcts/000352 status=ready commit=e84551b91a2494788e4b5fcaea12ccbf491f3c94c9f3e9febde88651c4fa3387 utility=-1020001718070.504028 reason=
mcts/000353 status=ready commit=29cbbc5e0626e11ce78111bbcea596a86eaf5c53fc5fe7b02d291a8ebda30481 utility=-1719009.350000 reason=
mcts/000354 status=ready commit=18549e366c2d6fb78c7fe27176174884d979a9478a09be6341b88bd9d5adc7a6 utility=-1717858.648000 reason=
mcts/000355 status=ready commit=0e5d826d9fb5781558e1cabcca37027f95f02548a7ab071aeafda979d9a8a25a utility=-1717411.934000 reason=
frontier_count: 285
best_branch: mcts/000351
step: 12
selected: mcts/000351
mcts/000356 status=ready commit=f204189849209d1499135b9978772dd3f0d29020376979b60b028177fff7139e utility=-1006002029263.147949 reason=
mcts/000357 status=ready commit=260dc2bd189d29f86b67b59769a911709f92fab86dc0aa828515b866167fdf49 utility=-1638832.981000 reason=
mcts/000358 status=ready commit=2374e3d697163d47aa9970159cd58fcf2b82d3193351c9955bf1591b7983bc30 utility=-1625708.252000 reason=
mcts/000359 status=ready commit=b8f54b3f9c48c6b3a27ad86d57855462a331b15befaccca0ba63dc13615d88ae utility=-1538641.652000 reason=
mcts/000360 status=ready commit=0aed96108d15723b19e64e0eec1476e554ec476cdf4cedd47555bec2ecf6fd92 utility=-1538136.207000 reason=
frontier_count: 289
best_branch: mcts/000360
step: 13
selected: mcts/000360
mcts/000361 status=ready commit=c4db8f2af461ddc9b6a9818fe6977c2c8f1951a3e8a533758ad73564d73e1cae utility=-2062873.773000 reason=
mcts/000362 status=ready commit=6a95a280c0eb9b927caa6af1e1a1640a991017cb604cc0bc649bf9d5e96486c6 utility=-1449925.097000 reason=
mcts/000363 status=ready commit=823bef2c4f8ddf0f3142d98721ea1e1438f4eefb42f36a7ddfbfc71e8aac55af utility=-1449925.097000 reason=
mcts/000364 status=ready commit=e0fa491425ca4453907d85259cc344effc29b7a796340ff133997963d34b08cd utility=-1450847.451000 reason=
mcts/000365 status=ready commit=187509902377fd6458027f72ed3aaecc614f3cd09bb5b5607e24069e5023a3c7 utility=-1449925.097000 reason=
frontier_count: 293
best_branch: mcts/000362
step: 14
selected: mcts/000365
mcts/000366 status=ready commit=d348e0d1fb23ba2bec36a13d745d6e6aa92c939d89faec33f7856c985fe9756d utility=-1450033.502000 reason=
mcts/000367 status=ready commit=f7aa0500e81a273b7ab704cc7758a05b5f6090719faa43fbb4c8161dfc48495b utility=-1451849.432000 reason=
mcts/000368 status=ready commit=c97a0163b3cce66139b3d1ff99e8c2a0436316d07292c4e333b4c453726af6e9 utility=-1457327.346000 reason=
mcts/000369 status=ready commit=943c0e9aa0e020388ec05b0a29ad0a1cddc15d71ec7dbc1461086acbd56e93a2 utility=-1452714.351000 reason=
mcts/000370 status=ready commit=e049e7feb22f4ddb1dd9eb348d71a8c8a7f1355924fa3be3d741bd91ec85c7eb utility=-1362492.787000 reason=
frontier_count: 297
best_branch: mcts/000370
step: 15
selected: mcts/000370
mcts/000371 status=ready commit=f3aca19e88a023137f4bd922926437210a00d0bf0a5f3f9eda33cd5e5fdbc22c utility=-1363249.138000 reason=
mcts/000372 status=ready commit=70a7a1c7078d4d68e136146c4ff70742b4ebe6a9c87c00e733321b0906abd680 utility=-1280106.590000 reason=
mcts/000373 status=ready commit=4654a16fc37df2b686b665ac2c5103820f5ffba4855b624f6c0943f23fa12d6c utility=-1396097.670000 reason=
mcts/000374 status=ready commit=0ef1e31c4e83536184cd6f2ec16ca68a34d80babc9017a1074cf2718460ad80f utility=-1364805.096000 reason=
mcts/000375 status=ready commit=d2eaecb7fff08a7c9e565547864362c6373bcc12ef2db114d99b917b81190250 utility=-1428416.679000 reason=
frontier_count: 301
best_branch: mcts/000372
step: 16
selected: mcts/000372
mcts/000376 status=ready commit=c4f016c1e6756083cf83826a83e405c5eac1271d4b86e667ff80feb8368ec260 utility=-1233993.461000 reason=
mcts/000377 status=ready commit=30a22b98adcc18c26b5b090d629f6d33ef056c2808645c2a271c4be64c3689fc utility=-1279846.591000 reason=
mcts/000378 status=ready commit=16e2c9028631f85a976028e10005fb451eb2bea7aaad48228b0ed8cfbdc1c255 utility=-1284420.984000 reason=
mcts/000379 status=ready commit=80bd53ee3ecf3d3a754444ea8ce980c355d07d7d94389995aac9cce0978129b4 utility=-1707104.821000 reason=
mcts/000380 status=ready commit=abd14aa0836080661f24308a1613646aecf20d5a0a711fb12cac964bb23140a3 utility=-1283434.198000 reason=
frontier_count: 305
best_branch: mcts/000376
step: 17
selected: mcts/000376
mcts/000381 status=ready commit=2ed8b5aa21edcaa3fca3b40a8db2478bd66b0798c5210fb3e3f5e69fda8e5853 utility=-1207685.878000 reason=
mcts/000382 status=ready commit=8f772d8d79c3ef05dc910519ed04978f4d2b73318484af6612bae46ce289cc84 utility=-1240711.911000 reason=
mcts/000383 status=ready commit=51fbd7670a804ef1e95f929e1f9df2f6d0dbdb9cd09500552ddb160ff73477a7 utility=-1236323.621000 reason=
mcts/000384 status=ready commit=c403ca610241d0c12138e3c182f5771412673cffc0c4bfddf6cd959e8247a4ec utility=-1205276.935000 reason=
mcts/000385 status=ready commit=104138ad509f28a348731565481b0b7274460a1a36b1140ad97ea8f4f1622d66 utility=-1152560232508.165039 reason=
frontier_count: 309
best_branch: mcts/000384
step: 18
selected: mcts/000384
mcts/000386 status=ready commit=0a200ea06e2373e9999939d7ac1e4d53b698cef8c43ac88dfcd1282d4bf10305 utility=-1182029.748000 reason=
mcts/000387 status=ready commit=3400886777cd41b01305b3d5fd29bad9bf233752ffec3a493c373a13842ad42d utility=-1171829.244000 reason=
mcts/000388 status=ready commit=585c5f7c12261a8ab441efa07da00bc85f0b54db53fcbb40843f7740656f4e15 utility=-1206162.966000 reason=
mcts/000389 status=ready commit=b00ea6baed551e530ee6f5d74a7fa21dc16cc011bce1124e8ca0f700b32549d2 utility=-1207411.294000 reason=
mcts/000390 status=ready commit=12474d5114f96f20729380c941a395cf5a98ca3d81b3cd34393546b8023cecd8 utility=-1182029.748000 reason=
frontier_count: 313
best_branch: mcts/000387
step: 19
selected: mcts/000387
mcts/000391 status=ready commit=ea64134d7531969b525ec7a860c377ad56da72326a454a0958856da2c9c925b4 utility=-1140665.642000 reason=
mcts/000392 status=ready commit=bebc929c06514e89166b808d7b2776399c38fe489b0796a0ced091d958c15d57 utility=-1172967.979000 reason=
mcts/000393 status=ready commit=2b0a3cc2da4e84bb687eadb49e625945a45632c3ba502976982d678f5a6fd928 utility=-1138362.119000 reason=
mcts/000394 status=ready commit=9c4df325ac4b84c9eb29f5d1017340053fa19324ac0e086ddb755df2f44b7860 utility=-1172109.142000 reason=
mcts/000395 status=ready commit=de9d282731dbbf5376c0b555fa6cc3884fd3c7f6364e0a4e3af469b85b13411c utility=-1138362.119000 reason=
frontier_count: 317
best_branch: mcts/000393
step: 20
selected: mcts/000395
mcts/000396 status=ready commit=3e0226c8de3d895f2d670bff9aea50f22f0f91a889143ecdc17be05c4c70f3fc utility=-1139548.492000 reason=
mcts/000397 status=ready commit=5a3f2715988eb6547b0914415486f32f4ace574fac28aeed55809b561fd1db57 utility=-1137863.627000 reason=
mcts/000398 status=ready commit=1d330fdef1010a379b6935fd7ce4c2495ad5f2de6718873825a0bc6a43590de3 utility=-1139138.573000 reason=
mcts/000399 status=ready commit=002dcb8de8a16856cbd958b8cfc35366d380b37766ff5bcdd0bc928ccd59b30b utility=-1139574.910000 reason=
mcts/000400 status=ready commit=53a387b4848a6a26347045315a1110483f3dd227fb4f6b2f0488e219ea37e2b6 utility=-1130096.605000 reason=
frontier_count: 321
best_branch: mcts/000400
step: 21
selected: mcts/000400
mcts/000401 status=ready commit=c29bcab808a8985518d8740f04da4b72e0342001171209a4468061e2d3994c29 utility=-1121312.788000 reason=
mcts/000402 status=ready commit=02d592c4994b6ee434577fd20ff005003ee60d3879f36d2e49e922e8cdb1086f utility=-1123902.215000 reason=
mcts/000403 status=ready commit=d0d6d4c12a477fe99526fe0db3302723fa93cf4e61085af39dfd8926cc2a0b5d utility=-1121312.788000 reason=
mcts/000404 status=ready commit=418204e57889782eddb5fd057d75d64696cda7a6ac353c3311fda4629dfc63ae utility=-1128221.944000 reason=
mcts/000405 status=ready commit=5feb962e089e607cafa176d4839278e89eaebd13741f69d3873d40e38bb3f64e utility=-1121312.788000 reason=
frontier_count: 325
best_branch: mcts/000401
step: 22
selected: mcts/000405
mcts/000406 status=ready commit=26571a5a20ef9e3269a784b75a91038bb97554c705272ded8ceeb5e8b7c01945 utility=-1124141.591000 reason=
mcts/000407 status=ready commit=66816b9352f09580aae2fd72fd204fb42bb01b014b084f50065a8754af74ef32 utility=-1120919.052000 reason=
mcts/000408 status=ready commit=9e39ed132fad07c97909f5ca69d83461a18c469e7b36ee52400d87a1ebb8e279 utility=-1113980.812000 reason=
mcts/000409 status=ready commit=8be1a101dd13b513661b583b54ac236302027c7b13f7ba56e672640678ccd45e utility=-10000000000000.000000 reason=
mcts/000410 status=ready commit=cac07f07b11accb97e1fe63dec94c9886b2728394d1fd7ee3c83322d94273a40 utility=-10000000000000.000000 reason=
frontier_count: 329
best_branch: mcts/000408
step: 23
selected: mcts/000408
mcts/000411 status=ready commit=d3112ff8abf774be6459ac4ccdbad427a092cdf25fa45df7f14c74e035364599 utility=-1108275.476000 reason=
mcts/000412 status=ready commit=6b44ca60cdd5a948a04e35fb7260c0573664a484ca0854bc13d80e47156a4b4d utility=-1108275.476000 reason=
mcts/000413 status=ready commit=f155d4dbd534ba20860c95d154759477be5645c15e09d26689e4699b9374bc3b utility=-2537184.909000 reason=
mcts/000414 status=ready commit=ef0ad07bf34fcc64968be210e70472a0f5e782df9ecc87193d64753aed865b5a utility=-1116019.434000 reason=
mcts/000415 status=ready commit=96cdbc8c5d99d5c3d039cdd62d0dbe0b1c8191a6d150178aa4fe367b8bbc22fc utility=-1108275.476000 reason=
frontier_count: 333
best_branch: mcts/000411
step: 24
selected: mcts/000415
mcts/000416 status=ready commit=3de061fe3cb5428aa208c89f54ef77d4db277271d859f7d940e01968be38f978 utility=-10000000000000.000000 reason=
mcts/000417 status=ready commit=45e1d8489dd544e260efaa99936ff69e968d19826cdcaea26f3ff0b8d3de4cbd utility=-1096499.388000 reason=
mcts/000418 status=ready commit=081764dd77661919623e8233ba557bca37094f5c118656f2d726376ace1fd116 utility=-10000000000000.000000 reason=
mcts/000419 status=ready commit=96b28706cd75669b300f49a563c93bbb7a890fc15a434c4e79b89dd6353ecca5 utility=-1110032.112000 reason=
mcts/000420 status=ready commit=ee0eba1d72a885d316a283ad08a6b15416583b2db9d1d83d145a87b523dab519 utility=-10000000000000.000000 reason=
frontier_count: 337
best_branch: mcts/000417
step: 25
selected: mcts/000417
mcts/000421 status=ready commit=53e0f51615b723cadedcc2e9b53f674d7e55a62dc56bfa470553b48d04254888 utility=-1062599.003000 reason=
mcts/000422 status=ready commit=3d0336882d1a951b7d2fda773a33288dcc7d2e99736ef55ee44924c5cfb7688d utility=-1090629.426000 reason=
mcts/000423 status=ready commit=a0083749aed619eb2e2f3cb9175c5cebf23a5a7aae5fc004a10124a25768bc48 utility=-1062815.248000 reason=
mcts/000424 status=ready commit=ea96dbe001b2a12bf8caa838038e405ce7f919c19f2d9dd94b675ea96fe24c5e utility=-1095183.476000 reason=
mcts/000425 status=ready commit=dda28db4dd52a88dba225b0f5f933a6bc71a725e7ba711b3df2cd86aa2261ba8 utility=-1094777.209000 reason=
frontier_count: 341
best_branch: mcts/000421
step: 26
selected: mcts/000421
mcts/000426 status=ready commit=a16c38ed2f6926bad38535a07ece13ac95c5afe23eedbbdc4384caa1b8d2292c utility=-1062577.639000 reason=
mcts/000427 status=ready commit=0590e9b13eea7f88a55d7156008aecf317be46c6bdb7497dd544ccf943c0f2ad utility=-10000000000000.000000 reason=
mcts/000428 status=ready commit=a6c607f9ac97d0a805245c007d29dade0c4f5d420677768ad40c3d63c76856ac utility=-1076566.774000 reason=
mcts/000429 status=ready commit=5da3cf4882d61904ccf8557a37bc1cd1c6ac471633e448779645a2dc31fc5056 utility=-10000000000000.000000 reason=
mcts/000430 status=ready commit=38ff4296edef3de123b4d6780b2998beea16c26c71df218cfaac66b5b4831f2a utility=-10000000000000.000000 reason=
frontier_count: 345
best_branch: mcts/000426
step: 27
selected: mcts/000426
mcts/000431 status=ready commit=baa3629a5cb14bd36ae0d8d0285d5efd1538bc86ed9ef5e8d65e23dfbb9bdc35 utility=-1063307.346000 reason=
mcts/000432 status=ready commit=7af6e41704d2af67a7ff5f3875249fe00e9b803380d0dea21dec1fbf099a5139 utility=-1019001061256.911987 reason=
mcts/000433 status=ready commit=b3926999b5baf732ce31f35932900b3bc1abc891446c64fe1de3ca48c4f0aace utility=-1064076.473000 reason=
mcts/000434 status=ready commit=cb89b8b91ed604917ccd70262b265255a191ca34fbdb2d6ad24595432f211abb utility=-1506144.801000 reason=
mcts/000435 status=ready commit=d28e9e7f6568901630944bd01f90cd70dcc917bb58f7702cc75186737bb6ba45 utility=-10000000000000.000000 reason=
frontier_count: 349
best_branch: mcts/000426
step: 28
selected: mcts/000423
mcts/000436 status=ready commit=29f54b55ad9ec05d0d5dd069c6d5be03ea3c3430c14335ab9d45ebe83177b4d6 utility=-10000000000000.000000 reason=
mcts/000437 status=ready commit=4f94f0d8d19999ef30f28db123f6502afb92d86645d30b4c8f76f75ede6040e0 utility=-1015001075904.729980 reason=
mcts/000438 status=ready commit=bfe12c55bc0032934927df0da0481615dfa66d34ff9afb24c87a29114a7551fa utility=-1064040.499000 reason=
mcts/000439 status=ready commit=8fc8232fd225af4587f64d2855fa2e22eb98fd31246bda4887e70d1ec21d700b utility=-1107340.356000 reason=
mcts/000440 status=ready commit=ff2963d94854594e4d6d3eebb81fc7fc85724796e8f225ebe8ee120fc401d2ec utility=-10000000000000.000000 reason=
frontier_count: 353
best_branch: mcts/000426
